[LOG] System::create                           : Header version = 2.00.10. Current version = 2.00.10.
[LOG] Manager::init                            : maxchannels = 256 studioflags = 00000006 flags 00000000 extradriverdata 0000000000000000.
[LOG] SystemI::init                            : Initialize version=20010 (110198), maxchannels=256, flags=0x00020000
[LOG] SystemI::setOutputInternal               : Setting output to 'FMOD WASAPI Output'
[LOG] OutputWASAPI::init                       : Mix Format (WAVEFORMATEX): wFormatTag=0xFFFE, nChannels=2, nSamplesPerSec=48000, nAvgBytesPerSec=384000, nBlockAlign=8, wBitsPerSample=32, cbSize=22.
[LOG] OutputWASAPI::init                       : Mix Format (WAVEFORMATEXTENSIBLE): wValidBitsPerSample=32, dwChannelMask=0x00000003, SubFormat=00000003-0000-0010-8000-00AA00389B71.
[LOG] OutputWASAPI::init                       : Output buffer size: 4096 samples, latency: 0.00ms, period: 10.00ms, DSP buffer: 1024 * 4
[LOG] Thread::initThread                       : Init FMOD stream thread. Priority: 2, Stack Size: 98304, Semaphore: No, Sleep Time: 10, Looping: Yes.
[LOG] Thread::initThread                       : Init FMOD mixer thread. Priority: 3, Stack Size: 81920, Semaphore: No, Sleep Time: 0, Looping: Yes.
[LOG] AsyncManager::init                       : manager 000001C7D5E89028 isAsync 0 updatePeriod 0.02
[LOG] AsyncManager::init                       : done
[LOG] PlaybackSystem::init                     : 
[LOG] Thread::initThread                       : Init FMOD Studio sample load thread. Priority: 0, Stack Size: 98304, Semaphore: No, Sleep Time: 1, Looping: No.
[LOG] PlaybackSystem::init                     : done
[LOG] Thread::initThread                       : Init FMOD Studio bank load thread. Priority: 0, Stack Size: 98304, Semaphore: No, Sleep Time: 1, Looping: No.
[LOG] Manager::init                            : done.
[LOG] Manager::readBank                        : fileversion = 125, compatVersion = 119 (oldest = 44, newest = 125)
[LOG] Manager::readBank                        : fileversion = 125, compatVersion = 119 (oldest = 44, newest = 125)
[LOG] Manager::readBank                        : fileversion = 125, compatVersion = 119 (oldest = 44, newest = 125)
[LOG] PlaybackSystem::acquireMasterBus         : Setting master channel group format to 6
[LOG] SystemI::createSound                     : filename = ..\FMOD\JustChefin\Build\Desktop/Master.bank : mode 02010082
[LOG] SystemI::createSound                     : FMOD_NONBLOCKING specified.  Putting into queue to be opened asynchronously!
[LOG] Thread::initThread                       : Init FMOD nonblocking thread (0). Priority: 1, Stack Size: 114688, Semaphore: Yes, Sleep Time: 0, Looping: Yes.
[LOG] SystemI::createSound                     : setdata soundi = 000001C98A16F718 : node = 000001CA83BA25B0
[LOG] SystemI::createSound                     : add node to async list : head = 000001CAED369118.  list count = 0
[LOG] AsyncThread::threadFunc                  : Starting Asynchronous operation on sound 000001C98A16F718
[LOG] SystemI::createSoundInternal             :     Create name='..\FMOD\JustChefin\Build\Desktop/Master.bank', mode=0x02010082
[LOG] SystemI::createSoundInternal             :     exinfo->cbsize             = 224
[LOG] SystemI::createSoundInternal             :     exinfo->length             = 147744
[LOG] SystemI::createSoundInternal             :     exinfo->fileoffset         = 12832
[LOG] SystemI::createSoundInternal             :     exinfo->numsubsounds       = 1
[LOG] SystemI::createSoundInternal             :     exinfo->inclusionlist      = 000001CA83BA26C0
[LOG] SystemI::createSoundInternal             :     exinfo->inclusionlistnum   = 1
[LOG] SystemI::createSoundInternal             :     exinfo->suggestedsoundtype = 5
[LOG] SystemI::createSoundInternal             :     exinfo->initialseekpostype = 1
[LOG] SystemI::createSoundInternal             :     Stream 0/1: name='Ticking', format=2, channels=2, frequency=48000, lengthbytes=55904, lengthpcm=1541375, pcmblocksize=0, loopstart=0, loopend=0, mode=0x00000000, channelmask=0x00000000, channelorder=0, peakvolume=0.264466.
[LOG] Thread::initThread                       :     Init FMOD file thread. Priority: 1, Stack Size: 49152, Semaphore: No, Sleep Time: 10, Looping: Yes.
[LOG] AsyncThread::threadFunc                  : Finished Asynchronous operation on sound 000001C98A16F718
[LOG] SoundI::getSubSound                      : sound 000001C98A16F718.  Subsound index 0 / 1
[LOG] SoundI::release                          : Ticking (000001C98A16F718)
[LOG] SoundI::release                          :     Ticking (000001CAED369B28)
[LOG] SoundI::release                          :     Ticking (000001CA836C1648)
[LOG] SoundI::release                          :  (000001C9B2C9E548)
[LOG] SoundI::release                          :     smoke alarm (000001C9B2581A08)
[LOG] SoundI::release                          :  (000001C9B2C9D9C8)
[LOG] SoundI::release                          :     30989__unclesigmund__hey (000001C9B257FB28)
[LOG] SoundI::release                          :  (000001C9B2CA04E8)
[LOG] SoundI::release                          :     Ignite (000001C9B25835A8)
[LOG] SoundI::release                          :  (000001C9B2C9EB08)
[LOG] SoundI::release                          :     208748__everheat__sizzle-loop (000001C9B25804E8)
[LOG] SoundI::release                          :  (000001C9B2C9D6E8)
[LOG] SoundI::release                          :     looting (000001C9B257F7E8)
[LOG] SoundI::release                          :  (000001C9B2C9EC78)
[LOG] SoundI::release                          :     footstep1 (000001C9B257EC88)
[LOG] SoundI::release                          :  (000001C9B2C9E6B8)
[LOG] SoundI::release                          :     footstep2 (000001C9B257EE28)
[LOG] SoundI::release                          :  (000001C9B2CA14B8)
[LOG] SoundI::release                          :     footstep3 (000001C9B257EAE8)
[LOG] Thread::callback                         : FMOD Studio update thread finished.
[LOG] Thread::callback                         : FMOD Studio bank load thread finished.
[LOG] Profile::disconnectAll                   : Profiler disconnecting all clients
[LOG] Thread::callback                         : FMOD Studio sample load thread finished.
[LOG] LiveUpdate::release                      : 
[LOG] LiveUpdate::reset                        : Reset connection (reason Disconnected)
[LOG] Thread::callback                         : FMOD stream thread finished.
[LOG] Thread::callback                         : FMOD mixer thread finished.
[LOG] Profile::disconnectAll                   : Profiler disconnecting all clients
[LOG] SystemI::close                           : Closed.
[LOG] Thread::callback                         : FMOD Studio bank load thread finished.
[LOG] Thread::callback                         : FMOD Studio sample load thread finished.
[LOG] LiveUpdate::release                      : 
[LOG] LiveUpdate::reset                        : Reset connection (reason Disconnected)
[LOG] Thread::callback                         : FMOD stream thread finished.
[LOG] Thread::callback                         : FMOD mixer thread finished.
[LOG] Thread::callback                         : FMOD nonblocking thread (0) finished.
[LOG] Thread::callback                         : FMOD file thread finished.
[LOG] SystemI::close                           : Closed.
